<?xml version="1.0" encoding="UTF-8"?>
<testsuite xmlns:xsi="http://www.w3.org/2001/XMLSchema-instance" xsi:noNamespaceSchemaLocation="https://maven.apache.org/surefire/maven-surefire-plugin/xsd/surefire-test-report.xsd" name="TestSuite" time="184.231" tests="10" errors="0" skipped="0" failures="3">
  <properties>
    <property name="sun.desktop" value="windows"/>
    <property name="awt.toolkit" value="sun.awt.windows.WToolkit"/>
    <property name="java.specification.version" value="11"/>
    <property name="sun.cpu.isalist" value="amd64"/>
    <property name="sun.jnu.encoding" value="Cp1252"/>
    <property name="java.class.path" value="C:\Users\saravanan.somu\eclipse-workspace\SeleniumAutomationPOMFramework\target\test-classes;C:\Users\saravanan.somu\eclipse-workspace\SeleniumAutomationPOMFramework\target\classes;C:\Users\saravanan.somu\.m2\repository\org\apache\poi\poi-ooxml\4.1.2\poi-ooxml-4.1.2.jar;C:\Users\saravanan.somu\.m2\repository\org\apache\poi\poi\4.1.2\poi-4.1.2.jar;C:\Users\saravanan.somu\.m2\repository\commons-codec\commons-codec\1.13\commons-codec-1.13.jar;C:\Users\saravanan.somu\.m2\repository\org\apache\commons\commons-collections4\4.4\commons-collections4-4.4.jar;C:\Users\saravanan.somu\.m2\repository\org\apache\commons\commons-math3\3.6.1\commons-math3-3.6.1.jar;C:\Users\saravanan.somu\.m2\repository\com\zaxxer\SparseBitSet\1.2\SparseBitSet-1.2.jar;C:\Users\saravanan.somu\.m2\repository\org\apache\poi\poi-ooxml-schemas\4.1.2\poi-ooxml-schemas-4.1.2.jar;C:\Users\saravanan.somu\.m2\repository\org\apache\xmlbeans\xmlbeans\3.1.0\xmlbeans-3.1.0.jar;C:\Users\saravanan.somu\.m2\repository\org\apache\commons\commons-compress\1.19\commons-compress-1.19.jar;C:\Users\saravanan.somu\.m2\repository\com\github\virtuald\curvesapi\1.06\curvesapi-1.06.jar;C:\Users\saravanan.somu\.m2\repository\org\seleniumhq\selenium\selenium-java\3.141.59\selenium-java-3.141.59.jar;C:\Users\saravanan.somu\.m2\repository\org\seleniumhq\selenium\selenium-api\3.141.59\selenium-api-3.141.59.jar;C:\Users\saravanan.somu\.m2\repository\org\seleniumhq\selenium\selenium-chrome-driver\3.141.59\selenium-chrome-driver-3.141.59.jar;C:\Users\saravanan.somu\.m2\repository\org\seleniumhq\selenium\selenium-edge-driver\3.141.59\selenium-edge-driver-3.141.59.jar;C:\Users\saravanan.somu\.m2\repository\org\seleniumhq\selenium\selenium-firefox-driver\3.141.59\selenium-firefox-driver-3.141.59.jar;C:\Users\saravanan.somu\.m2\repository\org\seleniumhq\selenium\selenium-ie-driver\3.141.59\selenium-ie-driver-3.141.59.jar;C:\Users\saravanan.somu\.m2\repository\org\seleniumhq\selenium\selenium-opera-driver\3.141.59\selenium-opera-driver-3.141.59.jar;C:\Users\saravanan.somu\.m2\repository\org\seleniumhq\selenium\selenium-remote-driver\3.141.59\selenium-remote-driver-3.141.59.jar;C:\Users\saravanan.somu\.m2\repository\org\seleniumhq\selenium\selenium-safari-driver\3.141.59\selenium-safari-driver-3.141.59.jar;C:\Users\saravanan.somu\.m2\repository\org\seleniumhq\selenium\selenium-support\3.141.59\selenium-support-3.141.59.jar;C:\Users\saravanan.somu\.m2\repository\net\bytebuddy\byte-buddy\1.8.15\byte-buddy-1.8.15.jar;C:\Users\saravanan.somu\.m2\repository\org\apache\commons\commons-exec\1.3\commons-exec-1.3.jar;C:\Users\saravanan.somu\.m2\repository\com\google\guava\guava\25.0-jre\guava-25.0-jre.jar;C:\Users\saravanan.somu\.m2\repository\com\google\code\findbugs\jsr305\1.3.9\jsr305-1.3.9.jar;C:\Users\saravanan.somu\.m2\repository\org\checkerframework\checker-compat-qual\2.0.0\checker-compat-qual-2.0.0.jar;C:\Users\saravanan.somu\.m2\repository\com\google\errorprone\error_prone_annotations\2.1.3\error_prone_annotations-2.1.3.jar;C:\Users\saravanan.somu\.m2\repository\com\google\j2objc\j2objc-annotations\1.1\j2objc-annotations-1.1.jar;C:\Users\saravanan.somu\.m2\repository\org\codehaus\mojo\animal-sniffer-annotations\1.14\animal-sniffer-annotations-1.14.jar;C:\Users\saravanan.somu\.m2\repository\com\squareup\okhttp3\okhttp\3.11.0\okhttp-3.11.0.jar;C:\Users\saravanan.somu\.m2\repository\com\squareup\okio\okio\1.14.0\okio-1.14.0.jar;C:\Users\saravanan.somu\.m2\repository\io\github\bonigarcia\webdrivermanager\5.3.2\webdrivermanager-5.3.2.jar;C:\Users\saravanan.somu\.m2\repository\org\slf4j\slf4j-api\2.0.6\slf4j-api-2.0.6.jar;C:\Users\saravanan.somu\.m2\repository\com\google\code\gson\gson\2.10.1\gson-2.10.1.jar;C:\Users\saravanan.somu\.m2\repository\com\github\docker-java\docker-java\3.2.14\docker-java-3.2.14.jar;C:\Users\saravanan.somu\.m2\repository\com\github\docker-java\docker-java-core\3.2.14\docker-java-core-3.2.14.jar;C:\Users\saravanan.somu\.m2\repository\com\github\docker-java\docker-java-api\3.2.14\docker-java-api-3.2.14.jar;C:\Users\saravanan.somu\.m2\repository\com\fasterxml\jackson\core\jackson-annotations\2.10.3\jackson-annotations-2.10.3.jar;C:\Users\saravanan.somu\.m2\repository\commons-io\commons-io\2.6\commons-io-2.6.jar;C:\Users\saravanan.somu\.m2\repository\com\fasterxml\jackson\core\jackson-databind\2.10.3\jackson-databind-2.10.3.jar;C:\Users\saravanan.somu\.m2\repository\com\fasterxml\jackson\core\jackson-core\2.10.3\jackson-core-2.10.3.jar;C:\Users\saravanan.somu\.m2\repository\org\bouncycastle\bcpkix-jdk15on\1.64\bcpkix-jdk15on-1.64.jar;C:\Users\saravanan.somu\.m2\repository\org\bouncycastle\bcprov-jdk15on\1.64\bcprov-jdk15on-1.64.jar;C:\Users\saravanan.somu\.m2\repository\org\slf4j\jcl-over-slf4j\1.7.30\jcl-over-slf4j-1.7.30.jar;C:\Users\saravanan.somu\.m2\repository\com\github\docker-java\docker-java-transport-httpclient5\3.2.14\docker-java-transport-httpclient5-3.2.14.jar;C:\Users\saravanan.somu\.m2\repository\com\github\docker-java\docker-java-transport\3.2.14\docker-java-transport-3.2.14.jar;C:\Users\saravanan.somu\.m2\repository\net\java\dev\jna\jna\5.12.1\jna-5.12.1.jar;C:\Users\saravanan.somu\.m2\repository\org\brotli\dec\0.1.2\dec-0.1.2.jar;C:\Users\saravanan.somu\.m2\repository\org\apache\commons\commons-lang3\3.12.0\commons-lang3-3.12.0.jar;C:\Users\saravanan.somu\.m2\repository\org\apache\httpcomponents\client5\httpclient5\5.2.1\httpclient5-5.2.1.jar;C:\Users\saravanan.somu\.m2\repository\org\apache\httpcomponents\core5\httpcore5\5.2\httpcore5-5.2.jar;C:\Users\saravanan.somu\.m2\repository\org\apache\httpcomponents\core5\httpcore5-h2\5.2\httpcore5-h2-5.2.jar;C:\Users\saravanan.somu\.m2\repository\org\testng\testng\7.7.1\testng-7.7.1.jar;C:\Users\saravanan.somu\.m2\repository\com\beust\jcommander\1.82\jcommander-1.82.jar;C:\Users\saravanan.somu\.m2\repository\org\webjars\jquery\3.6.1\jquery-3.6.1.jar;C:\Users\saravanan.somu\.m2\repository\org\apache\logging\log4j\log4j-core\2.19.0\log4j-core-2.19.0.jar;C:\Users\saravanan.somu\.m2\repository\org\apache\logging\log4j\log4j-api\2.19.0\log4j-api-2.19.0.jar;C:\Users\saravanan.somu\.m2\repository\com\aventstack\extentreports\5.0.9\extentreports-5.0.9.jar;C:\Users\saravanan.somu\.m2\repository\io\reactivex\rxjava3\rxjava\3.0.4\rxjava-3.0.4.jar;C:\Users\saravanan.somu\.m2\repository\org\reactivestreams\reactive-streams\1.0.3\reactive-streams-1.0.3.jar;C:\Users\saravanan.somu\.m2\repository\org\freemarker\freemarker\2.3.30\freemarker-2.3.30.jar;C:\Users\saravanan.somu\.m2\repository\org\projectlombok\lombok\1.18.22\lombok-1.18.22.jar;"/>
    <property name="java.vm.vendor" value="Oracle Corporation"/>
    <property name="sun.arch.data.model" value="64"/>
    <property name="user.variant" value=""/>
    <property name="java.vendor.url" value="https://openjdk.java.net/"/>
    <property name="user.timezone" value="America/Los_Angeles"/>
    <property name="java.vm.specification.version" value="11"/>
    <property name="os.name" value="Windows 10"/>
    <property name="sun.java.launcher" value="SUN_STANDARD"/>
    <property name="user.country" value="US"/>
    <property name="sun.boot.library.path" value="C:\Program Files\Java\jdk-11.0.7\bin"/>
    <property name="sun.java.command" value="C:\Users\SARAVA~1.SOM\AppData\Local\Temp\surefire3411429786703084529\surefirebooter6295285804532166283.jar C:\Users\saravanan.somu\AppData\Local\Temp\surefire3411429786703084529 2023-06-14T18-42-20_731-jvmRun1 surefire9196131391885645324tmp surefire_01570564337569927743tmp"/>
    <property name="jdk.debug" value="release"/>
    <property name="surefire.test.class.path" value="C:\Users\saravanan.somu\eclipse-workspace\SeleniumAutomationPOMFramework\target\test-classes;C:\Users\saravanan.somu\eclipse-workspace\SeleniumAutomationPOMFramework\target\classes;C:\Users\saravanan.somu\.m2\repository\org\apache\poi\poi-ooxml\4.1.2\poi-ooxml-4.1.2.jar;C:\Users\saravanan.somu\.m2\repository\org\apache\poi\poi\4.1.2\poi-4.1.2.jar;C:\Users\saravanan.somu\.m2\repository\commons-codec\commons-codec\1.13\commons-codec-1.13.jar;C:\Users\saravanan.somu\.m2\repository\org\apache\commons\commons-collections4\4.4\commons-collections4-4.4.jar;C:\Users\saravanan.somu\.m2\repository\org\apache\commons\commons-math3\3.6.1\commons-math3-3.6.1.jar;C:\Users\saravanan.somu\.m2\repository\com\zaxxer\SparseBitSet\1.2\SparseBitSet-1.2.jar;C:\Users\saravanan.somu\.m2\repository\org\apache\poi\poi-ooxml-schemas\4.1.2\poi-ooxml-schemas-4.1.2.jar;C:\Users\saravanan.somu\.m2\repository\org\apache\xmlbeans\xmlbeans\3.1.0\xmlbeans-3.1.0.jar;C:\Users\saravanan.somu\.m2\repository\org\apache\commons\commons-compress\1.19\commons-compress-1.19.jar;C:\Users\saravanan.somu\.m2\repository\com\github\virtuald\curvesapi\1.06\curvesapi-1.06.jar;C:\Users\saravanan.somu\.m2\repository\org\seleniumhq\selenium\selenium-java\3.141.59\selenium-java-3.141.59.jar;C:\Users\saravanan.somu\.m2\repository\org\seleniumhq\selenium\selenium-api\3.141.59\selenium-api-3.141.59.jar;C:\Users\saravanan.somu\.m2\repository\org\seleniumhq\selenium\selenium-chrome-driver\3.141.59\selenium-chrome-driver-3.141.59.jar;C:\Users\saravanan.somu\.m2\repository\org\seleniumhq\selenium\selenium-edge-driver\3.141.59\selenium-edge-driver-3.141.59.jar;C:\Users\saravanan.somu\.m2\repository\org\seleniumhq\selenium\selenium-firefox-driver\3.141.59\selenium-firefox-driver-3.141.59.jar;C:\Users\saravanan.somu\.m2\repository\org\seleniumhq\selenium\selenium-ie-driver\3.141.59\selenium-ie-driver-3.141.59.jar;C:\Users\saravanan.somu\.m2\repository\org\seleniumhq\selenium\selenium-opera-driver\3.141.59\selenium-opera-driver-3.141.59.jar;C:\Users\saravanan.somu\.m2\repository\org\seleniumhq\selenium\selenium-remote-driver\3.141.59\selenium-remote-driver-3.141.59.jar;C:\Users\saravanan.somu\.m2\repository\org\seleniumhq\selenium\selenium-safari-driver\3.141.59\selenium-safari-driver-3.141.59.jar;C:\Users\saravanan.somu\.m2\repository\org\seleniumhq\selenium\selenium-support\3.141.59\selenium-support-3.141.59.jar;C:\Users\saravanan.somu\.m2\repository\net\bytebuddy\byte-buddy\1.8.15\byte-buddy-1.8.15.jar;C:\Users\saravanan.somu\.m2\repository\org\apache\commons\commons-exec\1.3\commons-exec-1.3.jar;C:\Users\saravanan.somu\.m2\repository\com\google\guava\guava\25.0-jre\guava-25.0-jre.jar;C:\Users\saravanan.somu\.m2\repository\com\google\code\findbugs\jsr305\1.3.9\jsr305-1.3.9.jar;C:\Users\saravanan.somu\.m2\repository\org\checkerframework\checker-compat-qual\2.0.0\checker-compat-qual-2.0.0.jar;C:\Users\saravanan.somu\.m2\repository\com\google\errorprone\error_prone_annotations\2.1.3\error_prone_annotations-2.1.3.jar;C:\Users\saravanan.somu\.m2\repository\com\google\j2objc\j2objc-annotations\1.1\j2objc-annotations-1.1.jar;C:\Users\saravanan.somu\.m2\repository\org\codehaus\mojo\animal-sniffer-annotations\1.14\animal-sniffer-annotations-1.14.jar;C:\Users\saravanan.somu\.m2\repository\com\squareup\okhttp3\okhttp\3.11.0\okhttp-3.11.0.jar;C:\Users\saravanan.somu\.m2\repository\com\squareup\okio\okio\1.14.0\okio-1.14.0.jar;C:\Users\saravanan.somu\.m2\repository\io\github\bonigarcia\webdrivermanager\5.3.2\webdrivermanager-5.3.2.jar;C:\Users\saravanan.somu\.m2\repository\org\slf4j\slf4j-api\2.0.6\slf4j-api-2.0.6.jar;C:\Users\saravanan.somu\.m2\repository\com\google\code\gson\gson\2.10.1\gson-2.10.1.jar;C:\Users\saravanan.somu\.m2\repository\com\github\docker-java\docker-java\3.2.14\docker-java-3.2.14.jar;C:\Users\saravanan.somu\.m2\repository\com\github\docker-java\docker-java-core\3.2.14\docker-java-core-3.2.14.jar;C:\Users\saravanan.somu\.m2\repository\com\github\docker-java\docker-java-api\3.2.14\docker-java-api-3.2.14.jar;C:\Users\saravanan.somu\.m2\repository\com\fasterxml\jackson\core\jackson-annotations\2.10.3\jackson-annotations-2.10.3.jar;C:\Users\saravanan.somu\.m2\repository\commons-io\commons-io\2.6\commons-io-2.6.jar;C:\Users\saravanan.somu\.m2\repository\com\fasterxml\jackson\core\jackson-databind\2.10.3\jackson-databind-2.10.3.jar;C:\Users\saravanan.somu\.m2\repository\com\fasterxml\jackson\core\jackson-core\2.10.3\jackson-core-2.10.3.jar;C:\Users\saravanan.somu\.m2\repository\org\bouncycastle\bcpkix-jdk15on\1.64\bcpkix-jdk15on-1.64.jar;C:\Users\saravanan.somu\.m2\repository\org\bouncycastle\bcprov-jdk15on\1.64\bcprov-jdk15on-1.64.jar;C:\Users\saravanan.somu\.m2\repository\org\slf4j\jcl-over-slf4j\1.7.30\jcl-over-slf4j-1.7.30.jar;C:\Users\saravanan.somu\.m2\repository\com\github\docker-java\docker-java-transport-httpclient5\3.2.14\docker-java-transport-httpclient5-3.2.14.jar;C:\Users\saravanan.somu\.m2\repository\com\github\docker-java\docker-java-transport\3.2.14\docker-java-transport-3.2.14.jar;C:\Users\saravanan.somu\.m2\repository\net\java\dev\jna\jna\5.12.1\jna-5.12.1.jar;C:\Users\saravanan.somu\.m2\repository\org\brotli\dec\0.1.2\dec-0.1.2.jar;C:\Users\saravanan.somu\.m2\repository\org\apache\commons\commons-lang3\3.12.0\commons-lang3-3.12.0.jar;C:\Users\saravanan.somu\.m2\repository\org\apache\httpcomponents\client5\httpclient5\5.2.1\httpclient5-5.2.1.jar;C:\Users\saravanan.somu\.m2\repository\org\apache\httpcomponents\core5\httpcore5\5.2\httpcore5-5.2.jar;C:\Users\saravanan.somu\.m2\repository\org\apache\httpcomponents\core5\httpcore5-h2\5.2\httpcore5-h2-5.2.jar;C:\Users\saravanan.somu\.m2\repository\org\testng\testng\7.7.1\testng-7.7.1.jar;C:\Users\saravanan.somu\.m2\repository\com\beust\jcommander\1.82\jcommander-1.82.jar;C:\Users\saravanan.somu\.m2\repository\org\webjars\jquery\3.6.1\jquery-3.6.1.jar;C:\Users\saravanan.somu\.m2\repository\org\apache\logging\log4j\log4j-core\2.19.0\log4j-core-2.19.0.jar;C:\Users\saravanan.somu\.m2\repository\org\apache\logging\log4j\log4j-api\2.19.0\log4j-api-2.19.0.jar;C:\Users\saravanan.somu\.m2\repository\com\aventstack\extentreports\5.0.9\extentreports-5.0.9.jar;C:\Users\saravanan.somu\.m2\repository\io\reactivex\rxjava3\rxjava\3.0.4\rxjava-3.0.4.jar;C:\Users\saravanan.somu\.m2\repository\org\reactivestreams\reactive-streams\1.0.3\reactive-streams-1.0.3.jar;C:\Users\saravanan.somu\.m2\repository\org\freemarker\freemarker\2.3.30\freemarker-2.3.30.jar;C:\Users\saravanan.somu\.m2\repository\org\projectlombok\lombok\1.18.22\lombok-1.18.22.jar;"/>
    <property name="sun.cpu.endian" value="little"/>
    <property name="user.home" value="C:\Users\saravanan.somu"/>
    <property name="user.language" value="en"/>
    <property name="java.specification.vendor" value="Oracle Corporation"/>
    <property name="java.version.date" value="2020-04-14"/>
    <property name="java.home" value="C:\Program Files\Java\jdk-11.0.7"/>
    <property name="file.separator" value="\"/>
    <property name="style.color" value="always"/>
    <property name="basedir" value="C:\Users\saravanan.somu\eclipse-workspace\SeleniumAutomationPOMFramework"/>
    <property name="java.vm.compressedOopsMode" value="Zero based"/>
    <property name="line.separator" value="&#10;"/>
    <property name="java.specification.name" value="Java Platform API Specification"/>
    <property name="java.vm.specification.vendor" value="Oracle Corporation"/>
    <property name="java.awt.graphicsenv" value="sun.awt.Win32GraphicsEnvironment"/>
    <property name="surefire.real.class.path" value="C:\Users\SARAVA~1.SOM\AppData\Local\Temp\surefire3411429786703084529\surefirebooter6295285804532166283.jar"/>
    <property name="user.script" value=""/>
    <property name="sun.management.compiler" value="HotSpot 64-Bit Tiered Compilers"/>
    <property name="java.runtime.version" value="11.0.7+8-LTS"/>
    <property name="user.name" value="saravanan.somu"/>
    <property name="path.separator" value=";"/>
    <property name="os.version" value="10.0"/>
    <property name="java.runtime.name" value="Java(TM) SE Runtime Environment"/>
    <property name="file.encoding" value="Cp1252"/>
    <property name="java.vm.name" value="Java HotSpot(TM) 64-Bit Server VM"/>
    <property name="java.vendor.version" value="18.9"/>
    <property name="localRepository" value="C:\Users\saravanan.somu\.m2\repository"/>
    <property name="java.vendor.url.bug" value="https://bugreport.java.com/bugreport/"/>
    <property name="java.io.tmpdir" value="C:\Users\SARAVA~1.SOM\AppData\Local\Temp\"/>
    <property name="java.version" value="11.0.7"/>
    <property name="user.dir" value="C:\Users\saravanan.somu\eclipse-workspace\SeleniumAutomationPOMFramework"/>
    <property name="os.arch" value="amd64"/>
    <property name="java.vm.specification.name" value="Java Virtual Machine Specification"/>
    <property name="java.awt.printerjob" value="sun.awt.windows.WPrinterJob"/>
    <property name="sun.os.patch.level" value=""/>
    <property name="java.library.path" value="C:\Program Files\Java\jdk-11.0.7\bin;C:\Windows\Sun\Java\bin;C:\Windows\system32;C:\Windows;C:/Users/saravanan.somu/.p2/pool/plugins/org.eclipse.justj.openjdk.hotspot.jre.full.win32.x86_64_17.0.7.v20230425-1502/jre/bin/server;C:/Users/saravanan.somu/.p2/pool/plugins/org.eclipse.justj.openjdk.hotspot.jre.full.win32.x86_64_17.0.7.v20230425-1502/jre/bin;C:\Windows\system32;C:\Windows;C:\Windows\System32\Wbem;C:\Windows\System32\WindowsPowerShell\v1.0\;C:\Windows\System32\OpenSSH\;C:\Program Files\Java\jdk-11.0.7\bin;C:\Program Files\apache-maven-3.9.2\bin;C:\Program Files\Git\cmd;C:\Program Files\Git;C:\Users\saravanan.somu\AppData\Local\Microsoft\WindowsApps;;C:\Users\saravanan.somu\AppData\Local\Programs\Microsoft VS Code\bin;C:\Windows\System32;;."/>
    <property name="java.vendor" value="Oracle Corporation"/>
    <property name="java.vm.info" value="mixed mode"/>
    <property name="java.vm.version" value="11.0.7+8-LTS"/>
    <property name="sun.io.unicode.encoding" value="UnicodeLittle"/>
    <property name="java.class.version" value="55.0"/>
  </properties>
  <testcase name="case10_CreateAccount" classname="salesforce.SalesForceAutomationScripts" time="15.973">
    <failure message="no such element: Unable to locate element: {&quot;method&quot;:&quot;xpath&quot;,&quot;selector&quot;:&quot;//*[@id=&apos;lexNoThanks&apos;]&quot;}&#10;  (Session info: chrome=114.0.5735.110)&#10;For documentation on this error, please visit: https://www.seleniumhq.org/exceptions/no_such_element.html&#10;Build info: version: &apos;3.141.59&apos;, revision: &apos;e82be7d358&apos;, time: &apos;2018-11-14T08:17:03&apos;&#10;System info: host: &apos;SARAS-CNB01&apos;, ip: &apos;10.0.0.25&apos;, os.name: &apos;Windows 10&apos;, os.arch: &apos;amd64&apos;, os.version: &apos;10.0&apos;, java.version: &apos;11.0.7&apos;&#10;Driver info: org.openqa.selenium.chrome.ChromeDriver&#10;Capabilities {acceptInsecureCerts: false, browserName: chrome, browserVersion: 114.0.5735.110, chrome: {chromedriverVersion: 114.0.5735.90 (386bc09e8f4f..., userDataDir: C:\Users\SARAVA~1.SOM\AppDa...}, goog:chromeOptions: {debuggerAddress: localhost:59455}, javascriptEnabled: true, networkConnectionEnabled: false, pageLoadStrategy: normal, platform: WINDOWS, platformName: WINDOWS, proxy: Proxy(), setWindowRect: true, strictFileInteractability: false, timeouts: {implicit: 0, pageLoad: 300000, script: 30000}, unhandledPromptBehavior: dismiss and notify, webauthn:extension:credBlob: true, webauthn:extension:largeBlob: true, webauthn:extension:minPinLength: true, webauthn:extension:prf: true, webauthn:virtualAuthenticators: true}&#10;Session ID: 41c1571ae1a52c578752d14c74809e89&#10;*** Element info: {Using=xpath, value=//*[@id=&apos;lexNoThanks&apos;]}" type="org.openqa.selenium.NoSuchElementException">org.openqa.selenium.NoSuchElementException: 
no such element: Unable to locate element: {"method":"xpath","selector":"//*[@id='lexNoThanks']"}
  (Session info: chrome=114.0.5735.110)
For documentation on this error, please visit: https://www.seleniumhq.org/exceptions/no_such_element.html
Build info: version: '3.141.59', revision: 'e82be7d358', time: '2018-11-14T08:17:03'
System info: host: 'SARAS-CNB01', ip: '10.0.0.25', os.name: 'Windows 10', os.arch: 'amd64', os.version: '10.0', java.version: '11.0.7'
Driver info: org.openqa.selenium.chrome.ChromeDriver
Capabilities {acceptInsecureCerts: false, browserName: chrome, browserVersion: 114.0.5735.110, chrome: {chromedriverVersion: 114.0.5735.90 (386bc09e8f4f..., userDataDir: C:\Users\SARAVA~1.SOM\AppDa...}, goog:chromeOptions: {debuggerAddress: localhost:59455}, javascriptEnabled: true, networkConnectionEnabled: false, pageLoadStrategy: normal, platform: WINDOWS, platformName: WINDOWS, proxy: Proxy(), setWindowRect: true, strictFileInteractability: false, timeouts: {implicit: 0, pageLoad: 300000, script: 30000}, unhandledPromptBehavior: dismiss and notify, webauthn:extension:credBlob: true, webauthn:extension:largeBlob: true, webauthn:extension:minPinLength: true, webauthn:extension:prf: true, webauthn:virtualAuthenticators: true}
Session ID: 41c1571ae1a52c578752d14c74809e89
*** Element info: {Using=xpath, value=//*[@id='lexNoThanks']}
	at salesforce.SalesForceAutomationScripts.case10_CreateAccount(SalesForceAutomationScripts.java:233)
</failure>
    <system-out><![CDATA[2023-06-14 18:42:27,251 INFO  SalesForceBaseTest.java:117 - chromeBrowser opened
2023-06-14 18:42:29,545 INFO  SalesForceBaseTest.java:154 - Url entered
2023-06-14 18:42:29,561 INFO  SalesForceAutomationScripts.java:217 - case10_create accounts script Started
driver in basepage = ChromeDriver: chrome on WINDOWS (41c1571ae1a52c578752d14c74809e89)
2023-06-14 18:42:29,882 INFO  BasePage.java:79 - UserNameelement cleared 
2023-06-14 18:42:30,386 INFO  BasePage.java:63 - UserName rajeeni@tekarch.com is entered to the field
2023-06-14 18:42:31,440 INFO  BasePage.java:79 - Passwordelement cleared 
2023-06-14 18:42:31,611 INFO  BasePage.java:63 - Password VjVennila2 is entered to the field
2023-06-14 18:42:41,862 INFO  BasePage.java:92 - Login Button is clicked
driver in basepage = ChromeDriver: chrome on WINDOWS (41c1571ae1a52c578752d14c74809e89)
2023-06-14 18:42:41,893 INFO  BasePage.java:49 - Actual title is: Home Page ~ Salesforce - Developer Edition
2023-06-14 18:42:41,903 INFO  BasePage.java:53 - Title matched in the page
driver in basepage = ChromeDriver: chrome on WINDOWS (41c1571ae1a52c578752d14c74809e89)
2023-06-14 18:42:42,478 INFO  HomePage.java:96 - Accounts tab selected
]]></system-out>
    <system-err><![CDATA[SLF4J: No SLF4J providers were found.
SLF4J: Defaulting to no-operation (NOP) logger implementation
SLF4J: See https://www.slf4j.org/codes.html#noProviders for further details.
Starting ChromeDriver 114.0.5735.90 (386bc09e8f4f2e025eddae123f36f6263096ae49-refs/branch-heads/5735@{#1052}) on port 40037
Only local connections are allowed.
Please see https://chromedriver.chromium.org/security-considerations for suggestions on keeping ChromeDriver safe.
ChromeDriver was started successfully.
Jun 14, 2023 6:42:27 PM org.openqa.selenium.remote.ProtocolHandshake createSession
INFO: Detected dialect: W3C
]]></system-err>
  </testcase>
  <testcase name="case11_CreateNewView" classname="salesforce.SalesForceAutomationScripts" time="19.121"/>
  <testcase name="case1_LoginErrorMessage" classname="salesforce.SalesForceAutomationScripts" time="1.64"/>
  <testcase name="case2_Successful_LoginToSalesForce" classname="salesforce.SalesForceAutomationScripts" time="14.94"/>
  <testcase name="case3_CheckRememberMe" classname="salesforce.SalesForceAutomationScripts" time="17.689"/>
  <testcase name="case4A_ForgotPassword" classname="salesforce.SalesForceAutomationScripts" time="1.728"/>
  <testcase name="case4B_ForgotPassword" classname="salesforce.SalesForceAutomationScripts" time="3.015"/>
  <testcase name="case5_UserMenuDropdown" classname="salesforce.SalesForceAutomationScripts" time="13.001"/>
  <testcase name="case7_MySettings_UserMenuDropDown" classname="salesforce.SalesForceAutomationScripts" time="23.46">
    <failure message="Reports tab not present expected [Reports] but found [Accounts]" type="java.lang.AssertionError">java.lang.AssertionError: Reports tab not present expected [Reports] but found [Accounts]
	at salesforce.SalesForceAutomationScripts.case7_MySettings_UserMenuDropDown(SalesForceAutomationScripts.java:169)
</failure>
    <system-out><![CDATA[2023-06-14 18:44:36,507 INFO  SalesForceBaseTest.java:82 - Browser closed
2023-06-14 18:44:38,157 INFO  SalesForceBaseTest.java:117 - chromeBrowser opened
2023-06-14 18:44:43,278 INFO  SalesForceBaseTest.java:154 - Url entered
2023-06-14 18:44:43,281 INFO  SalesForceAutomationScripts.java:139 - case7_My settings usermenu dropdown script Started
driver in basepage = ChromeDriver: chrome on WINDOWS (779314fcdb94efd085dfa729aac2a4f6)
2023-06-14 18:44:44,088 INFO  BasePage.java:79 - UserNameelement cleared 
2023-06-14 18:44:44,974 INFO  BasePage.java:63 - UserName rajeeni@tekarch.com is entered to the field
2023-06-14 18:44:45,137 INFO  BasePage.java:79 - Passwordelement cleared 
2023-06-14 18:44:45,293 INFO  BasePage.java:63 - Password VjVennila2 is entered to the field
2023-06-14 18:44:49,056 INFO  BasePage.java:92 - Login Button is clicked
driver in basepage = ChromeDriver: chrome on WINDOWS (779314fcdb94efd085dfa729aac2a4f6)
2023-06-14 18:44:52,692 INFO  BasePage.java:49 - Actual title is: Home Page ~ Salesforce - Developer Edition
2023-06-14 18:44:52,693 INFO  BasePage.java:53 - Title matched in the page
2023-06-14 18:44:52,771 INFO  HomePage.java:32 - UserMenu dropdown selected
2023-06-14 18:44:53,161 INFO  HomePage.java:47 - My Settings menu selected
driver in basepage = ChromeDriver: chrome on WINDOWS (779314fcdb94efd085dfa729aac2a4f6)
2023-06-14 18:44:53,509 INFO  MySettingsPage.java:37 - Personal link is clicked
2023-06-14 18:44:53,848 INFO  MySettingsPage.java:47 - Login history link is clicked
2023-06-14 18:44:53,991 INFO  MySettingsPage.java:54 - Display and Layout link is clicked
2023-06-14 18:44:54,453 INFO  MySettingsPage.java:61 - Customize my tabs link is clicked
driver in basepage = ChromeDriver: chrome on WINDOWS (779314fcdb94efd085dfa729aac2a4f6)
2023-06-14 18:44:54,708 INFO  CustomizeTabsPage.java:34 - Salesforce chatter is clicked
2023-06-14 18:44:58,293 INFO  CustomizeTabsPage.java:40 - Reports tab from available tabs is selected
2023-06-14 18:44:58,373 INFO  CustomizeTabsPage.java:44 - Reports tab added to selected tabs
2023-06-14 18:44:59,201 INFO  CustomizeTabsPage.java:48 - Customized tab settings is saved
2023-06-14 18:44:59,273 INFO  MySettingsPage.java:68 - Right dropdown is clicked
2023-06-14 18:45:02,849 INFO  MySettingsPage.java:72 - Salesforce chatter is clicked
2023-06-14 18:45:06,021 INFO  BasePage.java:92 - No Thanks is clicked
2023-06-14 18:45:06,672 INFO  BasePage.java:92 - Send TO SalesForce is clicked
driver in basepage = ChromeDriver: chrome on WINDOWS (779314fcdb94efd085dfa729aac2a4f6)
]]></system-out>
    <system-err><![CDATA[[1686793476.340][SEVERE]: Unable to receive message from renderer
Starting ChromeDriver 114.0.5735.90 (386bc09e8f4f2e025eddae123f36f6263096ae49-refs/branch-heads/5735@{#1052}) on port 10182
Only local connections are allowed.
Please see https://chromedriver.chromium.org/security-considerations for suggestions on keeping ChromeDriver safe.
ChromeDriver was started successfully.
Jun 14, 2023 6:44:38 PM org.openqa.selenium.remote.ProtocolHandshake createSession
INFO: Detected dialect: W3C
]]></system-err>
  </testcase>
  <testcase name="case8_DeveloperConsole" classname="salesforce.SalesForceAutomationScripts" time="9.907">
    <failure message="Title not matched expected [Home Page ~ Salesforce - Developer Edition] but found []" type="java.lang.AssertionError">java.lang.AssertionError: Title not matched expected [Home Page ~ Salesforce - Developer Edition] but found []
	at salesforce.SalesForceAutomationScripts.case8_DeveloperConsole(SalesForceAutomationScripts.java:209)
</failure>
    <system-out><![CDATA[driver got it in listerners utility=ChromeDriver: chrome on WINDOWS (779314fcdb94efd085dfa729aac2a4f6)
2023-06-14 18:45:07,136 INFO  SalesForceBaseTest.java:82 - Browser closed
2023-06-14 18:45:08,969 INFO  SalesForceBaseTest.java:117 - chromeBrowser opened
2023-06-14 18:45:14,864 INFO  SalesForceBaseTest.java:154 - Url entered
2023-06-14 18:45:14,865 INFO  SalesForceAutomationScripts.java:196 - case8_Developer console script Started
driver in basepage = ChromeDriver: chrome on WINDOWS (7be8dd0a996422f3cba32b8714f994b3)
2023-06-14 18:45:15,013 INFO  BasePage.java:79 - UserNameelement cleared 
2023-06-14 18:45:15,241 INFO  BasePage.java:63 - UserName rajeeni@tekarch.com is entered to the field
2023-06-14 18:45:15,386 INFO  BasePage.java:79 - Passwordelement cleared 
2023-06-14 18:45:15,540 INFO  BasePage.java:63 - Password VjVennila2 is entered to the field
2023-06-14 18:45:20,208 INFO  BasePage.java:92 - Login Button is clicked
driver in basepage = ChromeDriver: chrome on WINDOWS (7be8dd0a996422f3cba32b8714f994b3)
2023-06-14 18:45:24,772 INFO  BasePage.java:49 - Actual title is: 
]]></system-out>
    <system-err><![CDATA[[1686793507.056][SEVERE]: Unable to receive message from renderer
Starting ChromeDriver 114.0.5735.90 (386bc09e8f4f2e025eddae123f36f6263096ae49-refs/branch-heads/5735@{#1052}) on port 8990
Only local connections are allowed.
Please see https://chromedriver.chromium.org/security-considerations for suggestions on keeping ChromeDriver safe.
ChromeDriver was started successfully.
Jun 14, 2023 6:45:08 PM org.openqa.selenium.remote.ProtocolHandshake createSession
INFO: Detected dialect: W3C
]]></system-err>
  </testcase>
</testsuite>