<?xml version="1.0" encoding="UTF-8"?>
<!-- Generated by org.testng.reporters.JUnitReportReporter -->
<testsuite hostname="SARAS-CNB01" failures="0" tests="1" name="com.salesforce.test.SalesForceAutomation" time="9.346" errors="0" timestamp="2023-06-10T14:28:27 PDT" skipped="0">
  <testcase classname="com.salesforce.test.SalesForceAutomation" name="case1_LoginErrorMessage" time="9.346"/>
  <system-out/>
</testsuite> <!-- com.salesforce.test.SalesForceAutomation -->
