<?xml version="1.0" encoding="UTF-8"?>
<!-- Generated by org.testng.reporters.JUnitReportReporter -->
<testsuite hostname="SARAS-CNB01" failures="0" tests="1" name="salesforce.CreateAccountTest" time="38.430" errors="0" timestamp="2023-06-11T17:31:34 PDT" skipped="0">
  <testcase classname="salesforce.CreateAccountTest" name="case14_CreateAccountReport" time="38.430"/>
  <system-out/>
</testsuite> <!-- salesforce.CreateAccountTest -->
