<?xml version="1.0" encoding="UTF-8"?>
<!-- Generated by org.testng.reporters.JUnitReportReporter -->
<testsuite hostname="SARAS-CNB01" failures="0" tests="1" name="salesforce.LoginTest" time="13.268" errors="0" timestamp="2023-06-13T13:20:48 PDT" skipped="0">
  <testcase classname="salesforce.LoginTest" name="case2_Successful_LoginToSalesForce" time="13.268"/>
  <system-out/>
</testsuite> <!-- salesforce.LoginTest -->
