<?xml version="1.0" encoding="UTF-8"?>
<!-- Generated by org.testng.reporters.JUnitReportReporter -->
<testsuite hostname="SARAS-CNB01" failures="0" tests="1" name="com.salesforce.test.LoggingTest" time="0.856" errors="0" timestamp="2023-06-04T12:03:09 PDT" skipped="0">
  <testcase classname="com.salesforce.test.LoggingTest" name="login" time="0.856"/>
  <system-out/>
</testsuite> <!-- com.salesforce.test.LoggingTest -->
